<?xml version="1.0" encoding="UTF-8"?>
<!-- Generated by org.testng.reporters.JUnitReportReporter -->
<testsuite skipped="0" hostname="Abdelrahman-Atef" name="Com.Google.Selenium.Test.TestNGDemo" tests="1" failures="0" timestamp="07 Aug 2019 13:07:55 GMT" time="34.548" errors="0">
  <testcase name="Login" time="34.548" classname="Com.Google.Selenium.Test.TestNGDemo"/>
</testsuite> <!-- Com.Google.Selenium.Test.TestNGDemo -->
