<?xml version="1.0" encoding="UTF-8"?>
<!-- Generated by org.testng.reporters.JUnitReportReporter -->
<testsuite skipped="0" hostname="Abdelrahman-Atef" name="Com.Google.Selenium.Test.TestNGDemo" tests="1" failures="0" timestamp="08 Aug 2019 08:23:00 GMT" time="63.260" errors="0">
  <testcase name="Login" time="63.260" classname="Com.Google.Selenium.Test.TestNGDemo"/>
</testsuite> <!-- Com.Google.Selenium.Test.TestNGDemo -->
